<?xml version="1.0" encoding="UTF-8"?>
<!-- Generated by org.testng.reporters.JUnitReportReporter -->
<testsuite hostname="LAPTOP-HAFECUH3" name="First.Project.TestNG_Check" tests="1" failures="0" timestamp="6 Jun 2020 13:57:11 GMT" time="0.020" errors="0">
  <testcase name="testmethod" time="0.020" classname="First.Project.TestNG_Check"/>
</testsuite> <!-- First.Project.TestNG_Check -->
