<?xml version="1.0" encoding="UTF-8"?>
<!-- Generated by org.testng.reporters.JUnitReportReporter -->
<testsuite hostname="LAPTOP-HAFECUH3" name="First.Project.APICheck" tests="1" failures="0" timestamp="6 Jun 2020 13:57:11 GMT" time="2.855" errors="0">
  <testcase name="checkAPI" time="2.855" classname="First.Project.APICheck"/>
</testsuite> <!-- First.Project.APICheck -->
