<?xml version="1.0" encoding="UTF-8"?>
<!-- Generated by org.testng.reporters.JUnitReportReporter -->
<testsuite hostname="LAPTOP-HAFECUH3" name="CucumberOptions.TestRunner" tests="1" failures="0" timestamp="6 Jun 2020 13:56:35 GMT" time="3.705" errors="0">
  <testcase name="runScenario" time="3.705" classname="CucumberOptions.TestRunner"/>
</testsuite> <!-- CucumberOptions.TestRunner -->
