<?xml version="1.0" encoding="UTF-8"?>
<!-- Generated by org.testng.reporters.JUnitReportReporter -->
<testsuite skipped="0" hostname="LAPTOP-HAFECUH3" name="First.Project.SeleniumCheck" tests="1" failures="0" timestamp="07 Jun 2020 08:29:05 GMT" time="13.242" errors="0">
  <testcase name="initialisedriver" time="13.242" classname="First.Project.SeleniumCheck"/>
</testsuite> <!-- First.Project.SeleniumCheck -->
