<?xml version="1.0" encoding="UTF-8"?>
<!-- Generated by org.testng.reporters.JUnitReportReporter -->
<testsuite skipped="0" hostname="LAPTOP-HAFECUH3" name="First.Project.APICheck" tests="1" failures="0" timestamp="07 Jun 2020 08:29:05 GMT" time="0.470" errors="0">
  <testcase name="checkAPI" time="0.470" classname="First.Project.APICheck"/>
</testsuite> <!-- First.Project.APICheck -->
