<?xml version="1.0" encoding="UTF-8"?>
<!-- Generated by org.testng.reporters.JUnitReportReporter -->
<testsuite skipped="0" hostname="LAPTOP-HAFECUH3" name="First.Project.JavaCheck" tests="1" failures="0" timestamp="07 Jun 2020 08:29:05 GMT" time="0.001" errors="0">
  <testcase name="javacheck" time="0.001" classname="First.Project.JavaCheck"/>
</testsuite> <!-- First.Project.JavaCheck -->
