<?xml version="1.0" encoding="UTF-8"?>
<!-- Generated by org.testng.reporters.JUnitReportReporter -->
<testsuite skipped="0" hostname="LAPTOP-HAFECUH3" name="CucumberOptions.TestRunner" tests="1" failures="0" timestamp="07 Jun 2020 08:29:05 GMT" time="4.131" errors="0">
  <testcase name="runScenario" time="4.131" classname="CucumberOptions.TestRunner"/>
</testsuite> <!-- CucumberOptions.TestRunner -->
